|--- feature_67 <= 0.50
|   |--- feature_410 <= 0.50
|   |   |--- class: 9
|   |--- feature_410 >  0.50
|   |   |--- feature_120 <= 1.50
|   |   |   |--- feature_165 <= 5.50
|   |   |   |   |--- feature_289 <= 2.50
|   |   |   |   |   |--- feature_222 <= 6.50
|   |   |   |   |   |   |--- feature_374 <= 1.50
|   |   |   |   |   |   |   |--- feature_118 <= 2.50
|   |   |   |   |   |   |   |   |--- feature_274 <= 0.50
|   |   |   |   |   |   |   |   |   |--- class: 9
|   |   |   |   |   |   |   |   |--- feature_274 >  0.50
|   |   |   |   |   |   |   |   |   |--- feature_216 <= 8.50
|   |   |   |   |   |   |   |   |   |   |--- feature_148 <= 3.50
|   |   |   |   |   |   |   |   |   |   |   |--- class: 8
|   |   |   |   |   |   |   |   |   |   |--- feature_148 >  3.50
|   |   |   |   |   |   |   |   |   |   |   |--- class: 15
|   |   |   |   |   |   |   |   |   |--- feature_216 >  8.50
|   |   |   |   |   |   |   |   |   |   |--- class: 10
|   |   |   |   |   |   |   |--- feature_118 >  2.50
|   |   |   |   |   |   |   |   |--- class: 3
|   |   |   |   |   |   |--- feature_374 >  1.50
|   |   |   |   |   |   |   |--- feature_368 <= 0.50
|   |   |   |   |   |   |   |   |--- feature_169 <= 2.50
|   |   |   |   |   |   |   |   |   |--- class: 8
|   |   |   |   |   |   |   |   |--- feature_169 >  2.50
|   |   |   |   |   |   |   |   |   |--- class: 8
|   |   |   |   |   |   |   |--- feature_368 >  0.50
|   |   |   |   |   |   |   |   |--- feature_11 <= 1.50
|   |   |   |   |   |   |   |   |   |--- class: 8
|   |   |   |   |   |   |   |   |--- feature_11 >  1.50
|   |   |   |   |   |   |   |   |   |--- class: 2
|   |   |   |   |   |--- feature_222 >  6.50
|   |   |   |   |   |   |--- feature_125 <= 0.50
|   |   |   |   |   |   |   |--- class: 13
|   |   |   |   |   |   |--- feature_125 >  0.50
|   |   |   |   |   |   |   |--- class: 4
|   |   |   |   |--- feature_289 >  2.50
|   |   |   |   |   |--- class: 9
|   |   |   |--- feature_165 >  5.50
|   |   |   |   |--- feature_498 <= 0.50
|   |   |   |   |   |--- class: 8
|   |   |   |   |--- feature_498 >  0.50
|   |   |   |   |   |--- class: 9
|   |   |--- feature_120 >  1.50
|   |   |   |--- feature_76 <= 0.50
|   |   |   |   |--- class: 8
|   |   |   |--- feature_76 >  0.50
|   |   |   |   |--- class: 9
|--- feature_67 >  0.50
|   |--- feature_320 <= 1.50
|   |   |--- feature_49 <= 4.50
|   |   |   |--- feature_18 <= 1.50
|   |   |   |   |--- feature_132 <= 1.50
|   |   |   |   |   |--- feature_293 <= 1.50
|   |   |   |   |   |   |--- feature_445 <= 4.50
|   |   |   |   |   |   |   |--- feature_72 <= 4.50
|   |   |   |   |   |   |   |   |--- feature_322 <= 1.50
|   |   |   |   |   |   |   |   |   |--- feature_151 <= 1.50
|   |   |   |   |   |   |   |   |   |   |--- feature_127 <= 3.50
|   |   |   |   |   |   |   |   |   |   |   |--- truncated branch of depth 7
|   |   |   |   |   |   |   |   |   |   |--- feature_127 >  3.50
|   |   |   |   |   |   |   |   |   |   |   |--- class: 1
|   |   |   |   |   |   |   |   |   |--- feature_151 >  1.50
|   |   |   |   |   |   |   |   |   |   |--- feature_303 <= 0.50
|   |   |   |   |   |   |   |   |   |   |   |--- class: 9
|   |   |   |   |   |   |   |   |   |   |--- feature_303 >  0.50
|   |   |   |   |   |   |   |   |   |   |   |--- class: 11
|   |   |   |   |   |   |   |   |--- feature_322 >  1.50
|   |   |   |   |   |   |   |   |   |--- class: 9
|   |   |   |   |   |   |   |--- feature_72 >  4.50
|   |   |   |   |   |   |   |   |--- class: 9
|   |   |   |   |   |   |--- feature_445 >  4.50
|   |   |   |   |   |   |   |--- class: 1
|   |   |   |   |   |--- feature_293 >  1.50
|   |   |   |   |   |   |--- feature_309 <= 0.50
|   |   |   |   |   |   |   |--- class: 9
|   |   |   |   |   |   |--- feature_309 >  0.50
|   |   |   |   |   |   |   |--- feature_96 <= 3.00
|   |   |   |   |   |   |   |   |--- class: 8
|   |   |   |   |   |   |   |--- feature_96 >  3.00
|   |   |   |   |   |   |   |   |--- class: 1
|   |   |   |   |--- feature_132 >  1.50
|   |   |   |   |   |--- class: 9
|   |   |   |--- feature_18 >  1.50
|   |   |   |   |--- feature_209 <= 1.50
|   |   |   |   |   |--- feature_219 <= 0.50
|   |   |   |   |   |   |--- class: 8
|   |   |   |   |   |--- feature_219 >  0.50
|   |   |   |   |   |   |--- class: 11
|   |   |   |   |--- feature_209 >  1.50
|   |   |   |   |   |--- class: 9
|   |   |--- feature_49 >  4.50
|   |   |   |--- class: 1
|   |--- feature_320 >  1.50
|   |   |--- class: 8
